<?xml version="1.0" encoding="UTF-8"?>
<!-- Generated by org.testng.reporters.JUnitXMLReporter -->
<testsuite ignored="1" hostname="DESKTOP-6Q36UJF" failures="0" tests="3" name="3 Testi XML file ile kosturma" time="1.315" errors="0" timestamp="2024-02-22T14:51:48 TRT">
  <testcase classname="testNG_Tests.test.xmlFile_Group.xmlFile_Group" name="testName1" time="1.3"/>
  <testcase classname="testNG_Tests.test.xmlFile_Group.xmlFile_Group" name="testName2" time="0.002"/>
  <testcase classname="testNG_Tests.test.xmlFile_Group.xmlFile_Group" name="testName3" time="0.001"/>
  <testcase classname="testNG_Tests.test.xmlFile_Group.xmlFile_Group" name="testName" time="0.0">
    <ignored/>
  </testcase> <!-- testName -->
</testsuite> <!-- 3 Testi XML file ile kosturma -->
