<?xml version="1.0" encoding="UTF-8"?>
<!-- Generated by org.testng.reporters.JUnitXMLReporter -->
<testsuite ignored="1" hostname="DESKTOP-6Q36UJF" failures="0" tests="3" name="XML File ile loop halinde group test" time="2.932" errors="0" timestamp="2024-02-23T12:12:11 TRT">
  <testcase classname="testNG_Tests.test.xmlFile_Group_Loop.Group" name="testName1" time="2.613"/>
  <testcase classname="testNG_Tests.test.xmlFile_Group_Loop.Group" name="testName2" time="0.002"/>
  <testcase classname="testNG_Tests.test.xmlFile_Group_Loop.Group" name="testName3" time="0.303"/>
  <testcase classname="testNG_Tests.test.xmlFile_Group_Loop.Group" name="loopMethod" time="0.0">
    <ignored/>
  </testcase> <!-- loopMethod -->
</testsuite> <!-- XML File ile loop halinde group test -->
