<?xml version="1.0" encoding="UTF-8"?>
<testng-results ignored="1" total="4" passed="3" failed="0" skipped="0">
  <reporter-output>
  </reporter-output>
  <suite started-at="2024-02-23T12:12:08 TRT" name="All Test Suite" finished-at="2024-02-23T12:12:11 TRT" duration-ms="2932">
    <groups>
      <group name="group3">
        <method signature="Group.testName3()[pri:0, instance:testNG_Tests.test.xmlFile_Group_Loop.Group@48682f91]" name="testName3" class="testNG_Tests.test.xmlFile_Group_Loop.Group"/>
      </group> <!-- group3 -->
      <group name="group2">
        <method signature="Group.testName2()[pri:0, instance:testNG_Tests.test.xmlFile_Group_Loop.Group@48682f91]" name="testName2" class="testNG_Tests.test.xmlFile_Group_Loop.Group"/>
      </group> <!-- group2 -->
      <group name="group1">
        <method signature="Group.testName1()[pri:0, instance:testNG_Tests.test.xmlFile_Group_Loop.Group@48682f91]" name="testName1" class="testNG_Tests.test.xmlFile_Group_Loop.Group"/>
      </group> <!-- group1 -->
    </groups>
    <test started-at="2024-02-23T12:12:08 TRT" name="XML File ile loop halinde group test" finished-at="2024-02-23T12:12:11 TRT" duration-ms="2932">
      <class name="testNG_Tests.test.xmlFile_Group_Loop.Group">
        <test-method signature="testName1()[pri:0, instance:testNG_Tests.test.xmlFile_Group_Loop.Group@48682f91]" started-at="2024-02-23T12:12:08 TRT" name="testName1" finished-at="2024-02-23T12:12:11 TRT" duration-ms="2613" status="PASS">
          <reporter-output>
          </reporter-output>
        </test-method> <!-- testName1 -->
        <test-method signature="testName2()[pri:0, instance:testNG_Tests.test.xmlFile_Group_Loop.Group@48682f91]" started-at="2024-02-23T12:12:11 TRT" name="testName2" finished-at="2024-02-23T12:12:11 TRT" duration-ms="2" status="PASS">
          <reporter-output>
          </reporter-output>
        </test-method> <!-- testName2 -->
        <test-method signature="testName3()[pri:0, instance:testNG_Tests.test.xmlFile_Group_Loop.Group@48682f91]" started-at="2024-02-23T12:12:11 TRT" name="testName3" finished-at="2024-02-23T12:12:11 TRT" duration-ms="303" status="PASS">
          <reporter-output>
          </reporter-output>
        </test-method> <!-- testName3 -->
      </class> <!-- testNG_Tests.test.xmlFile_Group_Loop.Group -->
    </test> <!-- XML File ile loop halinde group test -->
  </suite> <!-- All Test Suite -->
</testng-results>
